 
https://aromimenu.cgisaas.fi/EspooAromieMenus/FI/Default/ESPOO/Espoonlahdenkoulujalukio/Restaurant.aspx
ti 7.1.2025
Koululounas 1:
 - Porkkanasosekeitto (L, G, MU, K)
 - L, G, MU, K (L, M, G, MU)
 - Omena (L, M, MU, K, VEGA)
 - L, M, G, MU (L, G, MU)

ke 8.1.2025
Koululounas 2:
 - Porkkanasosekeitto (L, G, MU, K)
 - L, G, MU, K (L, M, G, MU)
 - Omena (L, M, MU, K, VEGA)
 - L, M, G, MU (L, G, MU)

to 9.1.2025
Koululounas 1:
 - Intialainen beanit (L, M, G, MU, K, VEGA)
 - L, M, G, MU, K, VEGA (L, M, G, MU, K, VEGA)
 - Riisi (L, M, G, MU)

pe 10.1.2025
Koululounas 2:
 - Kanakastike (L, G, MU)
 - L, G, MU (L, M, G, MU, K, VEGA)
 - Riisi (L, M, G, MU)

Info:
L: Laktoositon
M: Maidoton
G: Gluteeniton
MU: Kananmunaton
K: Kasvisruoka sisältäen maitotaloustuotteita ja kananmunaa
VEGA: Vegaani

ti 7.1.2025
Koululounas 1:
 - Porkkanasosekeitto (L, G, MU, K)
 - L, G, MU, K (L, M, G, MU)
 - Omena (L, M, MU, K, VEGA)
 - L, M, G, MU (L, G, MU)

ke 8.1.2025
Koululounas 2:
 - Porkkanasosekeitto (L, G, MU, K)
 - L, G, MU, K (L, M, G, MU)
 - Omena (L, M, MU, K, VEGA)
 - L, M, G, MU (L, G, MU)

to 9.1.2025
Koululounas 1:
 - Intialainen beanit (L, M, G, MU, K, VEGA)
 - L, M, G, MU, K, VEGA (L, M, G, MU, K, VEGA)
 - Riisi (L, M, G, MU)

pe 10.1.2025
Koululounas 2:
 - Kanakastike (L, G, MU)
 - L, G, MU (L, M, G, MU, K, VEGA)
 - Riisi (L, M, G, MU)

Info:
L: Laktoositon
M: Maidoton
G: Gluteeniton
MU: Kananmunaton
K: Kasvisruoka sisältäen maitotaloustuotteita ja kananmunaa
VEGA: Vegaani

ti 7.1.2025
Koululounas 1:
 - Porkkanasosekeitto (L, G, MU, K)
 - L, G, MU, K (L, M, G, MU)
 - Omena (L, M, MU, K, VEGA)
 - L, M, G, MU (L, G, MU)

ti 7.1.2025
Koululounas 2:
 - Porkkanasosekeitto (L, G, MU, K)
 - L, G, MU, K (L, M, G, MU)
 - Omena (L, M, MU, K, VEGA)
 - L, M, G, MU (L, G, MU)

ke 8.1.2025
Koululounas 1:
 - Intialainen beanit (L, M, G, MU, K, VEGA)
 - L, M, G, MU, K, VEGA (L, M, G, MU, K, VEGA)
 - Riisi (L, M, G, MU)

ke 8.1.2025
Koululounas 2:
 - Kanakastike (L, G, MU)
 - L, G, MU (L, M, G, MU, K, VEGA)
 - Riisi (L, M, G, MU)

to 9.1.2025
Koululounas 1:
 - Soijamakkara (L, M, G, MU, K)
 - L, M, G, MU, K (L, M, G, MU)
 - Tomaattiketsuppi (L, M, G, MU)

to 9.1.2025
Koululounas 2:
 - Uunimakkara (L, M, G, MU)
 - L, M, G, MU (L, M, G, MU)
 - Tomaattiketsuppi (L, M, G, MU)

pe 10.1.2025
Koululounas 1:
 - Delikaurawokki (L, M, K)

pe 10.1.2025
Koululounas 2:
 - Tonnikalaspagetti (L, MU)

Info:
L: Laktoositon
M: Maidoton
G: Gluteeniton
MU: Kananmunaton
K: Kasvisruoka sisältäen maitotaloustuotteita ja kananmunaa
VEGA: Vegaani


Info:
L: Laktoositon
M: Maidoton
G: Gluteeniton
MU: Kananmunaton
K: Kasvisruoka sisältäen maitotaloustuotteita ja kananmunaa
VEGA: Vegaani

